TN:
SF:config\database.js
FN:5,connect
FN:13,closeConnection
FNF:2
FNH:1
FNDA:3,connect
FNDA:0,closeConnection
DA:1,1
DA:2,1
DA:3,1
DA:4,1
DA:5,3
DA:6,3
DA:7,1
DA:8,1
DA:9,1
DA:10,3
DA:11,3
DA:12,1
DA:13,0
DA:14,0
DA:15,0
DA:16,0
DA:17,0
DA:18,0
DA:19,0
DA:20,0
DA:21,0
DA:22,0
DA:23,0
DA:24,1
DA:25,1
LF:25
LH:14
BRDA:5,0,0,3
BRDA:6,1,0,2
BRDA:6,2,0,2
BRDA:6,3,0,1
BRF:4
BRH:4
end_of_record
TN:
SF:controllers\authController.js
FN:5,Login
FN:39,validateToken
FN:60,Logout
FNF:3
FNH:3
FNDA:3,Login
FNDA:1,validateToken
FNDA:1,Logout
DA:1,1
DA:2,1
DA:3,1
DA:4,1
DA:5,3
DA:6,3
DA:7,3
DA:8,3
DA:9,3
DA:10,3
DA:11,3
DA:12,3
DA:13,1
DA:14,1
DA:15,2
DA:16,2
DA:17,3
DA:18,0
DA:19,0
DA:20,2
DA:21,2
DA:22,3
DA:23,0
DA:24,0
DA:25,2
DA:26,2
DA:27,2
DA:28,2
DA:29,2
DA:30,2
DA:31,2
DA:32,2
DA:33,2
DA:34,2
DA:35,2
DA:36,2
DA:37,1
DA:38,1
DA:39,1
DA:40,1
DA:41,1
DA:42,1
DA:43,1
DA:44,1
DA:45,0
DA:46,0
DA:47,1
DA:48,1
DA:49,1
DA:50,1
DA:51,1
DA:52,1
DA:53,1
DA:54,1
DA:55,1
DA:56,1
DA:57,1
DA:58,1
DA:59,1
DA:60,1
DA:61,1
DA:62,1
DA:63,1
DA:64,1
DA:65,1
DA:66,1
DA:67,1
LF:67
LH:61
BRDA:5,0,0,3
BRDA:11,1,0,2
BRDA:12,2,0,1
BRDA:14,3,0,2
BRDA:17,4,0,0
BRDA:19,5,0,2
BRDA:22,6,0,0
BRDA:24,7,0,2
BRDA:39,8,0,1
BRDA:44,9,0,0
BRDA:60,10,0,1
BRF:11
BRH:8
end_of_record
TN:
SF:repository\repository.js
FN:3,getUserByUsername
FNF:1
FNH:1
FNDA:3,getUserByUsername
DA:1,1
DA:2,1
DA:3,3
DA:4,3
DA:5,3
DA:6,3
DA:7,3
DA:8,3
DA:9,3
DA:10,3
DA:11,3
DA:12,1
DA:13,1
DA:14,2
DA:15,2
DA:16,1
DA:17,1
LF:17
LH:17
BRDA:3,0,0,3
BRDA:11,1,0,1
BRDA:13,2,0,2
BRF:3
BRH:3
end_of_record
