TN:
SF:config\database.js
FN:5,connect
FN:16,closeConnection
FN:28,getRandomToken
FNF:3
FNH:2
FNDA:5,connect
FNDA:0,closeConnection
FNDA:2,getRandomToken
DA:1,1
DA:2,1
DA:3,1
DA:4,1
DA:5,5
DA:6,5
DA:7,1
DA:8,1
DA:9,1
DA:10,1
DA:11,1
DA:12,1
DA:13,5
DA:14,5
DA:15,1
DA:16,0
DA:17,0
DA:18,0
DA:19,0
DA:20,0
DA:21,0
DA:22,0
DA:23,0
DA:24,0
DA:25,0
DA:26,0
DA:27,1
DA:28,2
DA:29,2
DA:30,2
DA:31,1
DA:32,1
LF:32
LH:21
BRDA:5,0,0,5
BRDA:6,1,0,4
BRDA:6,2,0,4
BRDA:6,3,0,1
BRDA:28,4,0,2
BRF:5
BRH:5
end_of_record
TN:
SF:repository\repository.js
FN:4,getUserByUsername
FN:16,addBlacklist
FN:25,isBlacklisted
FN:34,getRandomToken
FNF:4
FNH:4
FNDA:1,getUserByUsername
FNDA:2,addBlacklist
FNDA:2,isBlacklisted
FNDA:2,getRandomToken
DA:1,1
DA:2,1
DA:3,1
DA:4,1
DA:5,1
DA:6,1
DA:7,1
DA:8,1
DA:9,1
DA:10,1
DA:11,0
DA:12,0
DA:13,1
DA:14,1
DA:15,1
DA:16,2
DA:17,2
DA:18,0
DA:19,0
DA:20,2
DA:21,2
DA:22,2
DA:23,2
DA:24,1
DA:25,2
DA:26,2
DA:27,0
DA:28,0
DA:29,2
DA:30,2
DA:31,2
DA:32,2
DA:33,1
DA:34,2
DA:35,2
DA:36,2
DA:37,1
DA:38,1
LF:38
LH:32
BRDA:4,0,0,1
BRDA:10,1,0,0
BRDA:16,2,0,2
BRDA:17,3,0,0
BRDA:25,4,0,2
BRDA:26,5,0,0
BRDA:34,6,0,2
BRF:7
BRH:4
end_of_record
